<?xml version="1.0" encoding="UTF-8"?>
<!-- Generated by org.testng.reporters.JUnitReportReporter -->
<testsuite skipped="0" hostname="ip-172-31-25-169" name="com.main.FirstClassinMaven" tests="1" failures="0" timestamp="2022-01-29T16:40:49 UTC" time="1.827" errors="0">
  <testcase name="testMethod1" time="1.827" classname="com.main.FirstClassinMaven"/>
  <system-out/>
</testsuite> <!-- com.main.FirstClassinMaven -->
