<?xml version="1.0" encoding="UTF-8"?>
<!-- Generated by org.testng.reporters.JUnitReportReporter -->
<testsuite skipped="0" hostname="ip-172-31-25-169" name="com.main.SecondClass" tests="1" failures="0" timestamp="2022-01-29T16:40:49 UTC" time="0.000" errors="0">
  <testcase name="secondclassmethod" time="0.000" classname="com.main.SecondClass"/>
  <system-out/>
</testsuite> <!-- com.main.SecondClass -->
